[M::ha_analyze_count] lowest: count[6] = 158299
[M::ha_analyze_count] highest: count[20] = 1850079
[M::ha_hist_line]     2: ****************************************************************************************************> 5440035
[M::ha_hist_line]     3: ******************************************** 806543
[M::ha_hist_line]     4: *************** 276361
[M::ha_hist_line]     5: ********** 177763
[M::ha_hist_line]     6: ********* 158299
[M::ha_hist_line]     7: ********* 165279
[M::ha_hist_line]     8: ********** 188533
[M::ha_hist_line]     9: ************ 227194
[M::ha_hist_line]    10: **************** 297990
[M::ha_hist_line]    11: ********************* 397288
[M::ha_hist_line]    12: ***************************** 531234
[M::ha_hist_line]    13: ************************************** 697576
[M::ha_hist_line]    14: ************************************************ 893954
[M::ha_hist_line]    15: ************************************************************ 1110118
[M::ha_hist_line]    16: ************************************************************************ 1324944
[M::ha_hist_line]    17: ********************************************************************************** 1519203
[M::ha_hist_line]    18: ******************************************************************************************* 1681247
[M::ha_hist_line]    19: ************************************************************************************************* 1799091
[M::ha_hist_line]    20: **************************************************************************************************** 1850079
[M::ha_hist_line]    21: **************************************************************************************************** 1842440
[M::ha_hist_line]    22: *********************************************************************************************** 1766826
[M::ha_hist_line]    23: ***************************************************************************************** 1649560
[M::ha_hist_line]    24: ********************************************************************************* 1493959
[M::ha_hist_line]    25: *********************************************************************** 1306225
[M::ha_hist_line]    26: ************************************************************ 1116130
[M::ha_hist_line]    27: ************************************************** 931974
[M::ha_hist_line]    28: ***************************************** 756538
[M::ha_hist_line]    29: ******************************** 596112
[M::ha_hist_line]    30: ************************* 459780
[M::ha_hist_line]    31: ******************* 346432
[M::ha_hist_line]    32: ************** 255106
[M::ha_hist_line]    33: ********** 187324
[M::ha_hist_line]    34: ******* 132956
[M::ha_hist_line]    35: ***** 93944
[M::ha_hist_line]    36: **** 67523
[M::ha_hist_line]    37: *** 47578
[M::ha_hist_line]    38: ** 34128
[M::ha_hist_line]    39: * 23647
[M::ha_hist_line]    40: * 17514
[M::ha_hist_line]    41: * 13506
[M::ha_hist_line]    42: * 9792
[M::ha_hist_line]  rest: **** 64983
[M::ha_analyze_count] left: none
[M::ha_analyze_count] right: none
[M::ha_ft_gen] peak_hom: 20; peak_het: -1
[M::ha_ct_shrink::22.302*6.52] ==> counted 27937 distinct minimizer k-mers
[M::ha_ft_gen::22.369*6.50@17.135GB] ==> filtered out 27937 k-mers occurring 100 or more times
[M::ha_opt_update_cov] updated max_n_chain to 100
[M::yak_count] collected 29707632 minimizers
[M::ha_pt_gen::44.966*5.21] ==> counted 9740552 distinct minimizer k-mers
[M::ha_pt_gen] count[4095] = 0 (for sanity check)
[M::ha_analyze_count] lowest: count[8] = 12595
[M::ha_analyze_count] highest: count[19] = 72462
[M::ha_hist_line]     1: ****************************************************************************************************> 8191163
[M::ha_hist_line]     2: ****************************************************************************************************> 344972
[M::ha_hist_line]     3: ****************************************************************************************************> 99196
[M::ha_hist_line]     4: *************************************************************** 45532
[M::ha_hist_line]     5: *********************************** 25475
[M::ha_hist_line]     6: *********************** 16535
[M::ha_hist_line]     7: ****************** 13207
[M::ha_hist_line]     8: ***************** 12595
[M::ha_hist_line]     9: ******************** 14228
[M::ha_hist_line]    10: ************************ 17504
[M::ha_hist_line]    11: ******************************* 22497
[M::ha_hist_line]    12: **************************************** 28977
[M::ha_hist_line]    13: *************************************************** 36795
[M::ha_hist_line]    14: *************************************************************** 45470
[M::ha_hist_line]    15: ************************************************************************** 53617
[M::ha_hist_line]    16: *********************************************************************************** 60339
[M::ha_hist_line]    17: ******************************************************************************************** 66734
[M::ha_hist_line]    18: ************************************************************************************************** 70846
[M::ha_hist_line]    19: **************************************************************************************************** 72462
[M::ha_hist_line]    20: ************************************************************************************************** 71003
[M::ha_hist_line]    21: ********************************************************************************************** 68182
[M::ha_hist_line]    22: *************************************************************************************** 62854
[M::ha_hist_line]    23: ****************************************************************************** 56830
[M::ha_hist_line]    24: ******************************************************************** 49239
[M::ha_hist_line]    25: ********************************************************** 42154
[M::ha_hist_line]    26: ************************************************ 35138
[M::ha_hist_line]    27: *************************************** 28246
[M::ha_hist_line]    28: ******************************* 22435
[M::ha_hist_line]    29: *********************** 17015
[M::ha_hist_line]    30: ****************** 12882
[M::ha_hist_line]    31: ************* 9534
[M::ha_hist_line]    32: ********* 6824
[M::ha_hist_line]    33: ******* 4979
[M::ha_hist_line]    34: ***** 3502
[M::ha_hist_line]    35: **** 2562
[M::ha_hist_line]    36: *** 1861
[M::ha_hist_line]    37: ** 1314
[M::ha_hist_line]    38: * 933
[M::ha_hist_line]    39: * 724
[M::ha_hist_line]    40: * 556
[M::ha_hist_line]    41: * 427
[M::ha_hist_line]  rest: **** 3214
[M::ha_analyze_count] left: none
[M::ha_analyze_count] right: none
[M::ha_pt_gen] peak_hom: 19; peak_het: -1
[M::ha_ct_shrink::44.986*5.21] ==> counted 1549389 distinct minimizer k-mers
[M::ha_pt_gen::] counting in normal mode
[M::yak_count] collected 29707632 minimizers
[M::ha_pt_gen::48.114*6.29] ==> indexed 21516469 positions, counted 1549389 distinct minimizer k-mers
[M::pec::84.759] # bases: 1065678720; # corrected bases: 14309324
[M::pec::0.715] # exact o: 9157197; # non-exact o: 2110572
[M::ha_assemble::134.323*22.67@17.135GB] ==> corrected reads for round 1
[M::ha_assemble] # bases: 1065678720; # corrected bases: 14309324
[M::yak_count] collected 29143617 minimizers
[M::ha_pt_gen::137.090*22.71] ==> counted 2960468 distinct minimizer k-mers
[M::ha_pt_gen] count[4095] = 0 (for sanity check)
[M::ha_analyze_count] lowest: count[6] = 3278
[M::ha_analyze_count] highest: count[26] = 64092
[M::ha_hist_line]     1: ****************************************************************************************************> 1917194
[M::ha_hist_line]     2: ************************************* 23867
[M::ha_hist_line]     3: ********* 5981
[M::ha_hist_line]     4: ****** 3800
[M::ha_hist_line]     5: ***** 3502
[M::ha_hist_line]     6: ***** 3278
[M::ha_hist_line]     7: ***** 3387
[M::ha_hist_line]     8: ***** 3359
[M::ha_hist_line]     9: ****** 3578
[M::ha_hist_line]    10: ****** 3993
[M::ha_hist_line]    11: ******* 4545
[M::ha_hist_line]    12: ******** 5244
[M::ha_hist_line]    13: ********** 6373
[M::ha_hist_line]    14: ************ 7868
[M::ha_hist_line]    15: **************** 10254
[M::ha_hist_line]    16: ********************* 13683
[M::ha_hist_line]    17: *************************** 17274
[M::ha_hist_line]    18: ********************************** 21770
[M::ha_hist_line]    19: ******************************************* 27396
[M::ha_hist_line]    20: ***************************************************** 34016
[M::ha_hist_line]    21: *************************************************************** 40253
[M::ha_hist_line]    22: ************************************************************************** 47469
[M::ha_hist_line]    23: ************************************************************************************ 54053
[M::ha_hist_line]    24: ******************************************************************************************* 58500
[M::ha_hist_line]    25: ************************************************************************************************ 61523
[M::ha_hist_line]    26: **************************************************************************************************** 64092
[M::ha_hist_line]    27: *************************************************************************************************** 63591
[M::ha_hist_line]    28: ************************************************************************************************ 61673
[M::ha_hist_line]    29: ******************************************************************************************** 58935
[M::ha_hist_line]    30: ************************************************************************************* 54281
[M::ha_hist_line]    31: ***************************************************************************** 49629
[M::ha_hist_line]    32: ********************************************************************* 43915
[M::ha_hist_line]    33: *********************************************************** 37940
[M::ha_hist_line]    34: ************************************************** 31822
[M::ha_hist_line]    35: **************************************** 25951
[M::ha_hist_line]    36: ******************************** 20706
[M::ha_hist_line]    37: ************************** 16357
[M::ha_hist_line]    38: ******************* 12433
[M::ha_hist_line]    39: *************** 9546
[M::ha_hist_line]    40: *********** 7151
[M::ha_hist_line]    41: ******** 5062
[M::ha_hist_line]    42: ****** 3667
[M::ha_hist_line]    43: **** 2635
[M::ha_hist_line]    44: *** 1820
[M::ha_hist_line]    45: ** 1397
[M::ha_hist_line]    46: ** 1008
[M::ha_hist_line]    47: * 706
[M::ha_hist_line]    48: * 587
[M::ha_hist_line]    49: * 456
[M::ha_hist_line]    50: * 369
[M::ha_hist_line]  rest: **** 2579
[M::ha_analyze_count] left: none
[M::ha_analyze_count] right: none
[M::ha_pt_gen] peak_hom: 26; peak_het: -1
[M::ha_ct_shrink::137.105*22.71] ==> counted 1043274 distinct minimizer k-mers
[M::ha_pt_gen::] counting in normal mode
[M::yak_count] collected 29143617 minimizers
[M::ha_pt_gen::140.261*22.69] ==> indexed 27226423 positions, counted 1043274 distinct minimizer k-mers
[M::pec::39.107] # bases: 1066857202; # corrected bases: 1581390
[M::pec::0.659] # exact o: 15004674; # non-exact o: 825614
[M::ha_assemble::180.526*24.72@17.135GB] ==> corrected reads for round 2
[M::ha_assemble] # bases: 1066857202; # corrected bases: 1581390
[M::yak_count] collected 29102244 minimizers
[M::ha_pt_gen::183.439*24.70] ==> counted 2468841 distinct minimizer k-mers
[M::ha_pt_gen] count[4095] = 0 (for sanity check)
[M::ha_analyze_count] lowest: count[6] = 2838
[M::ha_analyze_count] highest: count[27] = 63147
[M::ha_hist_line]     1: ****************************************************************************************************> 1441286
[M::ha_hist_line]     2: ******************** 12723
[M::ha_hist_line]     3: ****** 3513
[M::ha_hist_line]     4: ***** 2848
[M::ha_hist_line]     5: ***** 2924
[M::ha_hist_line]     6: **** 2838
[M::ha_hist_line]     7: ***** 3050
[M::ha_hist_line]     8: ***** 3160
[M::ha_hist_line]     9: ***** 3372
[M::ha_hist_line]    10: ****** 3792
[M::ha_hist_line]    11: ******* 4179
[M::ha_hist_line]    12: ******** 4956
[M::ha_hist_line]    13: ********* 5725
[M::ha_hist_line]    14: *********** 6999
[M::ha_hist_line]    15: ************** 9050
[M::ha_hist_line]    16: ******************* 12099
[M::ha_hist_line]    17: ************************ 15458
[M::ha_hist_line]    18: ******************************* 19479
[M::ha_hist_line]    19: *************************************** 24406
[M::ha_hist_line]    20: ************************************************* 30843
[M::ha_hist_line]    21: *********************************************************** 37462
[M::ha_hist_line]    22: ********************************************************************** 44192
[M::ha_hist_line]    23: ********************************************************************************* 51114
[M::ha_hist_line]    24: ***************************************************************************************** 56200
[M::ha_hist_line]    25: ************************************************************************************************ 60322
[M::ha_hist_line]    26: **************************************************************************************************** 62854
[M::ha_hist_line]    27: **************************************************************************************************** 63147
[M::ha_hist_line]    28: *************************************************************************************************** 62575
[M::ha_hist_line]    29: ************************************************************************************************ 60616
[M::ha_hist_line]    30: ***************************************************************************************** 56435
[M::ha_hist_line]    31: ********************************************************************************** 51483
[M::ha_hist_line]    32: ************************************************************************** 46658
[M::ha_hist_line]    33: ***************************************************************** 40892
[M::ha_hist_line]    34: ******************************************************* 34627
[M::ha_hist_line]    35: ********************************************** 29038
[M::ha_hist_line]    36: ************************************* 23079
[M::ha_hist_line]    37: ***************************** 18589
[M::ha_hist_line]    38: ********************** 14006
[M::ha_hist_line]    39: ***************** 10962
[M::ha_hist_line]    40: ************* 8246
[M::ha_hist_line]    41: ********** 6036
[M::ha_hist_line]    42: ******* 4479
[M::ha_hist_line]    43: ***** 3071
[M::ha_hist_line]    44: *** 2197
[M::ha_hist_line]    45: *** 1622
[M::ha_hist_line]    46: ** 1174
[M::ha_hist_line]    47: * 785
[M::ha_hist_line]    48: * 657
[M::ha_hist_line]    49: * 521
[M::ha_hist_line]    50: * 401
[M::ha_hist_line]    51: * 322
[M::ha_hist_line]  rest: **** 2379
[M::ha_analyze_count] left: none
[M::ha_analyze_count] right: none
[M::ha_pt_gen] peak_hom: 27; peak_het: -1
[M::ha_ct_shrink::183.451*24.70] ==> counted 1027555 distinct minimizer k-mers
[M::ha_pt_gen::] counting in normal mode
[M::yak_count] collected 29102244 minimizers
[M::ha_pt_gen::186.731*24.64] ==> indexed 27660958 positions, counted 1027555 distinct minimizer k-mers
[M::pec::29.735] # bases: 1067015540; # corrected bases: 632837
[M::pec::0.677] # exact o: 16126668; # non-exact o: 452435
[M::ha_assemble::217.204*25.64@17.135GB] ==> corrected reads for round 3
[M::ha_assemble] # bases: 1067015540; # corrected bases: 632837
[M::yak_count] collected 29098773 minimizers
[M::ha_pt_gen::220.063*25.62] ==> counted 2334896 distinct minimizer k-mers
[M::ha_pt_gen] count[4095] = 0 (for sanity check)
[M::ha_analyze_count] lowest: count[6] = 2761
[M::ha_analyze_count] highest: count[27] = 62899
[M::ha_hist_line]     1: ****************************************************************************************************> 1309155
[M::ha_hist_line]     2: ****************** 11263
[M::ha_hist_line]     3: ***** 3232
[M::ha_hist_line]     4: **** 2750
[M::ha_hist_line]     5: ***** 2875
[M::ha_hist_line]     6: **** 2761
[M::ha_hist_line]     7: ***** 3066
[M::ha_hist_line]     8: ***** 3139
[M::ha_hist_line]     9: ***** 3305
[M::ha_hist_line]    10: ****** 3736
[M::ha_hist_line]    11: ******* 4096
[M::ha_hist_line]    12: ******** 4830
[M::ha_hist_line]    13: ********* 5666
[M::ha_hist_line]    14: *********** 6827
[M::ha_hist_line]    15: ************** 8774
[M::ha_hist_line]    16: ******************* 11789
[M::ha_hist_line]    17: ************************ 14878
[M::ha_hist_line]    18: ****************************** 18852
[M::ha_hist_line]    19: ************************************* 23525
[M::ha_hist_line]    20: ************************************************ 30135
[M::ha_hist_line]    21: *********************************************************** 36813
[M::ha_hist_line]    22: ********************************************************************* 43385
[M::ha_hist_line]    23: ******************************************************************************** 50208
[M::ha_hist_line]    24: **************************************************************************************** 55597
[M::ha_hist_line]    25: *********************************************************************************************** 59702
[M::ha_hist_line]    26: *************************************************************************************************** 62489
[M::ha_hist_line]    27: **************************************************************************************************** 62899
[M::ha_hist_line]    28: **************************************************************************************************** 62708
[M::ha_hist_line]    29: ************************************************************************************************* 60930
[M::ha_hist_line]    30: ******************************************************************************************* 56957
[M::ha_hist_line]    31: *********************************************************************************** 52039
[M::ha_hist_line]    32: **************************************************************************** 47597
[M::ha_hist_line]    33: ****************************************************************** 41607
[M::ha_hist_line]    34: ******************************************************** 35340
[M::ha_hist_line]    35: *********************************************** 29501
[M::ha_hist_line]    36: ************************************** 23826
[M::ha_hist_line]    37: ******************************* 19276
[M::ha_hist_line]    38: *********************** 14489
[M::ha_hist_line]    39: ****************** 11399
[M::ha_hist_line]    40: ************** 8752
[M::ha_hist_line]    41: ********** 6309
[M::ha_hist_line]    42: ******* 4679
[M::ha_hist_line]    43: ***** 3322
[M::ha_hist_line]    44: **** 2303
[M::ha_hist_line]    45: *** 1678
[M::ha_hist_line]    46: ** 1229
[M::ha_hist_line]    47: * 819
[M::ha_hist_line]    48: * 697
[M::ha_hist_line]    49: * 546
[M::ha_hist_line]    50: * 407
[M::ha_hist_line]    51: * 320
[M::ha_hist_line]  rest: **** 2419
[M::ha_analyze_count] left: none
[M::ha_analyze_count] right: none
[M::ha_pt_gen] peak_hom: 27; peak_het: -1
[M::ha_ct_shrink::220.074*25.62] ==> counted 1025741 distinct minimizer k-mers
[M::ha_pt_gen::] counting in normal mode
[M::yak_count] collected 29098773 minimizers
[M::ha_pt_gen::223.440*25.55] ==> indexed 27789618 positions, counted 1025741 distinct minimizer k-mers
[M::ha_print_ovlp_stat_0] # overlaps: 16583597
[M::ha_print_ovlp_stat_0] # strong overlaps: 551753
[M::ha_print_ovlp_stat_0] # weak overlaps: 16031844
[M::ha_print_ovlp_stat_0] # exact overlaps: 16095781
[M::ha_print_ovlp_stat_0] # inexact overlaps: 487816
[M::ha_print_ovlp_stat_0] # overlaps without large indels: 16542739
[M::ha_print_ovlp_stat_0] # reverse overlaps: 56533
[M::ha_print_ovlp_stat_0] # running time: 13.701
[M::ha_assemble::237.260*25.90@17.135GB] ==> found overlaps for the final round
[M::ha_opt_update_cov_min] updated max_n_chain to 135
Writing reads to disk... 
Reads has been written.
Writing ma_hit_ts to disk... 
ma_hit_ts has been written.
Writing ma_hit_ts to disk... 
ma_hit_ts has been written.
bin files have been written.
[M::gen_chemical_arc_rf] # chimeric reads: 51776
[M::gen_telo_end_t::] ==> # 5'-telomeres::0, # 3'-telomeres::0, # tot::250803, motif::CCCTAAAA, motif_len::8
[M::purge_dups] homozygous read coverage threshold: 24
[M::purge_dups] purge duplication coverage threshold: 30
[M::ug_ext_gfa::] # tips::95
Writing raw unitig GFA to disk... 
Writing processed unitig GFA to disk... 
[M::adjust_utg_by_primary] primary contig coverage range: [20, infinity]
Writing primary contig GFA to disk... 
Writing alternate contig GFA to disk... 
Inconsistency threshold for low-quality regions in BED files: 70%
[M::main] Version: 0.25.0-r726
[M::main] CMD: hifiasm -l0 --ont -o assemblies/hifasm/Atub_ONT -t 32 --telo-m CCCTAAAA input/SRR29740272_filtered_U.fastq.gz
[M::main] Real time: 278.023 sec; CPU: 6229.692 sec; Peak RSS: 17.135 GB
