
[93m[1m[4mStarting Unicycler[0m [2m(2025-06-24 16:33:05)[0m
[2m    Welcome to Unicycler, an assembly pipeline for bacterial genomes. Since you[0m
[2mprovided both short and long reads, Unicycler will perform a hybrid assembly.[0m
[2mIt will first use SPAdes to make a short-read assembly graph, and then it will[0m
[2muse various methods to scaffold that graph with the long reads.[0m
[2m    For more information, please see https://github.com/rrwick/Unicycler[0m

Command: [1m/opt/linux/rocky/8.x/x86_64/pkgs/unicycler/0.5.1/bin/unicycler -l ../../Dataset/A_tubingensis/input/SRR29740272_1.fastq.gz -1 ../../Dataset/A_tubingensis/input/SRR29740273_1.fastq.gz -2 ../../Dataset/A_tubingensis/input/SRR29740273_2.fastq.gz -o assemblies/unicycler -t 48[0m

Unicycler version: v0.5.1
Using 48 threads

The output directory already exists and files may be reused or overwritten:
  /bigdata/stajichlab/jstajich/projects/teaching/Annotation_Workshop/Assembly/A_tubingensis/assemblies/unicycler

Dependencies:
  [4mProgram       Version   Status[0m
  spades.py     4.1.0     [32mgood[0m  
  racon         1.5.0     [32mgood[0m  
  makeblastdb   2.16.0+   [32mgood[0m  
  tblastn       2.16.0+   [32mgood[0m  


[93m[1m[4mChoosing k-mer range for assembly[0m [2m(2025-06-24 16:34:49)[0m
[2m    Unicycler chooses a k-mer range for SPAdes based on the length of the input[0m
[2mreads. It uses a wide range of many k-mer sizes to maximise the chance of[0m
[2mfinding an ideal assembly.[0m

SPAdes maximum k-mer: 127
Median read length: 151
K-mer range: 27, 53, 71, 87, 99, 111, 119, 127


[93m[1m[4mSPAdes assemblies[0m [2m(2025-06-24 16:36:32)[0m
[2m    Unicycler now uses SPAdes to assemble the short reads. It scores the[0m
[2massembly graph for each k-mer using the number of contigs (fewer is better) and[0m
[2mthe number of dead ends (fewer is better). The score function is 1/(c*(d+2)),[0m
[2mwhere c is the contig count and d is the dead end count.[0m

spades.py -o /bigdata/stajichlab/jstajich/projects/teaching/Annotation_Workshop/Assembly/A_tubingensis/assemblies/unicycler/spades_assembly -k 27 --threads 32 --gfa11 --isolate -1 /bigdata/stajichlab/jstajich/projects/teaching/Annotation_Workshop/Dataset/A_tubingensis/input/SRR29740273_1.fastq.gz -2 /bigdata/stajichlab/jstajich/projects/teaching/Annotation_Workshop/Dataset/A_tubingensis/input/SRR29740273_2.fastq.gz -m 1024

spades.py -o /bigdata/stajichlab/jstajich/projects/teaching/Annotation_Workshop/Assembly/A_tubingensis/assemblies/unicycler/spades_assembly -k 27,53 --threads 32 --gfa11 --restart-from k27 -m 1024

spades.py -o /bigdata/stajichlab/jstajich/projects/teaching/Annotation_Workshop/Assembly/A_tubingensis/assemblies/unicycler/spades_assembly -k 27,53,71 --threads 32 --gfa11 --restart-from k53 -m 1024

spades.py -o /bigdata/stajichlab/jstajich/projects/teaching/Annotation_Workshop/Assembly/A_tubingensis/assemblies/unicycler/spades_assembly -k 27,53,71,87 --threads 32 --gfa11 --restart-from k71 -m 1024

spades.py -o /bigdata/stajichlab/jstajich/projects/teaching/Annotation_Workshop/Assembly/A_tubingensis/assemblies/unicycler/spades_assembly -k 27,53,71,87,99 --threads 32 --gfa11 --restart-from k87 -m 1024

spades.py -o /bigdata/stajichlab/jstajich/projects/teaching/Annotation_Workshop/Assembly/A_tubingensis/assemblies/unicycler/spades_assembly -k 27,53,71,87,99,111 --threads 32 --gfa11 --restart-from k99 -m 1024

spades.py -o /bigdata/stajichlab/jstajich/projects/teaching/Annotation_Workshop/Assembly/A_tubingensis/assemblies/unicycler/spades_assembly -k 27,53,71,87,99,111,119 --threads 32 --gfa11 --restart-from k111 -m 1024

spades.py -o /bigdata/stajichlab/jstajich/projects/teaching/Annotation_Workshop/Assembly/A_tubingensis/assemblies/unicycler/spades_assembly -k 27,53,71,87,99,111,119,127 --threads 32 --gfa11 --restart-from k119 -m 1024
slurmstepd-c45: error: *** JOB 17514235 ON c45 CANCELLED AT 2025-06-24T18:33:29 DUE TO TIME LIMIT ***
